2017-03-01 09:49:21 [127.0.0.1][-][pft2jb46fnv8mmbfq8vf4gn6j4][error][yii\web\HttpException:404] exception 'yii\base\InvalidRouteException' with message 'Unable to resolve the request: v1/a-list/id=1' in D:\all\phpstudy\WWW\video\common\vendor\yiisoft\yii2\base\Controller.php:127
Stack trace:
#0 D:\all\phpstudy\WWW\video\common\vendor\yiisoft\yii2\base\Module.php(523): yii\base\Controller->runAction('id=1', Array)
#1 D:\all\phpstudy\WWW\video\common\vendor\yiisoft\yii2\web\Application.php(102): yii\base\Module->runAction('v1/a-list/id=1', Array)
#2 D:\all\phpstudy\WWW\video\common\vendor\yiisoft\yii2\base\Application.php(380): yii\web\Application->handleRequest(Object(yii\web\Request))
#3 D:\all\phpstudy\WWW\video\api\web\index.php(18): yii\base\Application->run()
#4 {main}

Next exception 'yii\web\NotFoundHttpException' with message 'Page not found.' in D:\all\phpstudy\WWW\video\common\vendor\yiisoft\yii2\web\Application.php:114
Stack trace:
#0 D:\all\phpstudy\WWW\video\common\vendor\yiisoft\yii2\base\Application.php(380): yii\web\Application->handleRequest(Object(yii\web\Request))
#1 D:\all\phpstudy\WWW\video\api\web\index.php(18): yii\base\Application->run()
#2 {main}
2017-03-01 09:49:20 [127.0.0.1][-][pft2jb46fnv8mmbfq8vf4gn6j4][info][application] $_GET = [
    'r' => 'v1/a-list/id=1'
]

$_COOKIE = [
    '_identity' => '00e7f8ea22e5d8d6af515017b90490daec27d75865288f2d1660b69f9f2bb2e6a:2:{i:0;s:9:\"_identity\";i:1;s:46:\"[1,\"NDeS81z-NrVh-OBzQo6AOAnlH7y6eORj\",2592000]\";}'
]

$_SESSION = [
    '__flash' => []
]

$_SERVER = [
    'NVIDIAWHITELISTED' => '0x01'
    'PATH' => 'd:\\Program Files (x86)\\VStart;C:\\Windows\\system32;C:\\Windows;C:\\Windows\\System32\\Wbem;C:\\Windows\\System32\\WindowsPowerShell\\v1.0\\;C:\\Program Files (x86)\\NVIDIA Corporation\\PhysX\\Common;D:\\Program Files\\phpstudy\\php55;C:\\ProgramData\\ComposerSetup\\bin;D:\\all\\wamp\\bin\\php\\php5.4.16;D:\\all\\phpstudy\\php55n\\;D:\\Program Files\\Java\\jdk1.8.0_111\\bin;d:\\Program Files\\Git\\cmd;D:\\Program Files\\nodejs\\;c:\\Program Files (x86)\\QuickTime\\QTSystem\\;D:\\Program Files (x86)\\Microsoft SQL Server\\100\\Tools\\Binn\\;D:\\Program Files\\Microsoft SQL Server\\100\\Tools\\Binn\\;D:\\Program Files\\Microsoft SQL Server\\100\\DTS\\Binn\\;D:\\Program Files (x86)\\Microsoft SQL Server\\100\\Tools\\Binn\\VSShell\\Common7\\IDE\\;D:\\Program Files (x86)\\Microsoft SQL Server\\100\\DTS\\Binn\\;C:\\Program Files (x86)\\Windows Kits\\8.1\\Windows Performance Toolkit\\;C:\\Program Files\\Microsoft SQL Server\\110\\Tools\\Binn\\;D:\\Program Files\\ssh_secure;C:\\Users\\Administrator.PC2\\AppData\\Roaming\\npm;C:\\Users\\Administrator.PC2\\AppData\\Roaming\\Composer\\vendor\\bin'
    'SHIM_MCCOMPAT' => '0x810000001'
    'SYSTEMROOT' => 'C:\\Windows'
    'COMSPEC' => 'C:\\Windows\\system32\\cmd.exe'
    'PATHEXT' => '.COM;.EXE;.BAT;.CMD;.VBS;.VBE;.JS;.JSE;.WSF;.WSH;.MSC'
    'WINDIR' => 'C:\\Windows'
    'PHP_FCGI_MAX_REQUESTS' => '1000'
    'PHPRC' => 'D:/all/phpstudy/php55n'
    '_FCGI_SHUTDOWN_EVENT_' => '1916'
    'SCRIPT_NAME' => '/index.php'
    'REQUEST_URI' => '/index.php?r=v1/a-list/id=1'
    'QUERY_STRING' => 'r=v1/a-list/id=1'
    'REQUEST_METHOD' => 'GET'
    'SERVER_PROTOCOL' => 'HTTP/1.1'
    'GATEWAY_INTERFACE' => 'CGI/1.1'
    'REMOTE_PORT' => '2603'
    'SCRIPT_FILENAME' => 'D:/all/phpstudy/WWW/video/api/web/index.php'
    'SERVER_ADMIN' => 'webmaster@dummy-host.example.com'
    'CONTEXT_DOCUMENT_ROOT' => 'D:/all/phpstudy/WWW/video/api/web'
    'CONTEXT_PREFIX' => ''
    'REQUEST_SCHEME' => 'http'
    'DOCUMENT_ROOT' => 'D:/all/phpstudy/WWW/video/api/web'
    'REMOTE_ADDR' => '127.0.0.1'
    'SERVER_PORT' => '80'
    'SERVER_ADDR' => '127.0.0.1'
    'SERVER_NAME' => 'api.v.com'
    'SERVER_SOFTWARE' => 'Apache/2.4.18 (Win32) OpenSSL/1.0.2e mod_fcgid/2.3.9'
    'SERVER_SIGNATURE' => ''
    'SystemRoot' => 'C:\\Windows'
    'HTTP_COOKIE' => '_identity=00e7f8ea22e5d8d6af515017b90490daec27d75865288f2d1660b69f9f2bb2e6a%3A2%3A%7Bi%3A0%3Bs%3A9%3A%22_identity%22%3Bi%3A1%3Bs%3A46%3A%22%5B1%2C%22NDeS81z-NrVh-OBzQo6AOAnlH7y6eORj%22%2C2592000%5D%22%3B%7D'
    'HTTP_ACCEPT_LANGUAGE' => 'zh-CN,zh;q=0.8'
    'HTTP_ACCEPT_ENCODING' => 'gzip, deflate, sdch'
    'HTTP_USER_AGENT' => 'Mozilla/5.0 (Windows NT 6.1; WOW64) AppleWebKit/537.36 (KHTML, like Gecko) Chrome/49.0.2623.22 Safari/537.36 SE 2.X MetaSr 1.0'
    'HTTP_UPGRADE_INSECURE_REQUESTS' => '1'
    'HTTP_ACCEPT' => 'text/html,application/xhtml+xml,application/xml;q=0.9,image/webp,*/*;q=0.8'
    'HTTP_CONNECTION' => 'close'
    'HTTP_HOST' => 'api.v.com'
    'FCGI_ROLE' => 'RESPONDER'
    'PHP_SELF' => '/index.php'
    'REQUEST_TIME_FLOAT' => 1488332960.4115
    'REQUEST_TIME' => 1488332960
]
